<?xml version="1.0" encoding="UTF-8"?>
<!-- Generated by org.testng.reporters.JUnitXMLReporter -->
<testsuite ignored="214" hostname="ws-16393" failures="1" tests="1" name="Regression_Test" time="103.196" errors="0" timestamp="2023-03-03T14:50:04 IST">
  <testcase classname="com.netcracker.shaw.ModifyCases" name="Validate_Residental_to_Tenant_Account_Type_Change_during_Modify on [ModifyCases passed=0 failed=0 skipped=0]" time="100.407">
    <failure type="java.lang.AssertionError" message="element click intercepted: Element &amp;lt;input c=&amp;quot;UITextInput&amp;quot; maxlength=&amp;quot;15&amp;quot; tabindex=&amp;quot;4&amp;quot; enabledchars=&amp;quot;[a-zA-Z \-&amp;apos;]&amp;quot; style=&amp;quot;width:240px;&amp;quot; id=&amp;quot;customer-first-name_main&amp;quot; type=&amp;quot;text&amp;quot; class=&amp;quot;UITextInput&amp;quot; value=&amp;quot;&amp;quot;&amp;gt; is not clickable at point (368, 202). Other element would receive the click: &amp;lt;div class=&amp;quot;shadowDiv&amp;quot; style=&amp;quot;display: block; z-index: 999; width: 1280px; height: 564px;&amp;quot;&amp;gt;&amp;lt;/div&amp;gt;
  (Session info: chrome=110.0.5481.178)
Build info: version: &amp;apos;3.141.59&amp;apos;, revision: &amp;apos;e82be7d358&amp;apos;, time: &amp;apos;2018-11-14T08:25:53&amp;apos;
System info: host: &amp;apos;WS-16393&amp;apos;, ip: &amp;apos;10.236.177.81&amp;apos;, os.name: &amp;apos;Windows 10&amp;apos;, os.arch: &amp;apos;amd64&amp;apos;, os.version: &amp;apos;10.0&amp;apos;, java.version: &amp;apos;16.0.2&amp;apos;
Driver info: org.openqa.selenium.chrome.ChromeDriver
Capabilities {acceptInsecureCerts: false, browserName: chrome, browserVersion: 110.0.5481.178, chrome: {chromedriverVersion: 109.0.5414.74 (e7c5703604da..., userDataDir: C:\Users\vosn0721\AppData\L...}, goog:chromeOptions: {debuggerAddress: localhost:55560}, javascriptEnabled: true, networkConnectionEnabled: false, pageLoadStrategy: normal, platform: WINDOWS, platformName: WINDOWS, proxy: Proxy(), setWindowRect: true, strictFileInteractability: false, timeouts: {implicit: 0, pageLoad: 300000, script: 30000}, unhandledPromptBehavior: dismiss and notify, webauthn:extension:credBlob: true, webauthn:extension:largeBlob: true, webauthn:virtualAuthenticators: true}
Session ID: 30334a67ea1ce7d8367f3438c73800b3 expected [true] but found [false]">
      <![CDATA[java.lang.AssertionError: element click intercepted: Element <input c="UITextInput" maxlength="15" tabindex="4" enabledchars="[a-zA-Z \-']" style="width:240px;" id="customer-first-name_main" type="text" class="UITextInput" value=""> is not clickable at point (368, 202). Other element would receive the click: <div class="shadowDiv" style="display: block; z-index: 999; width: 1280px; height: 564px;"></div>
  (Session info: chrome=110.0.5481.178)
Build info: version: '3.141.59', revision: 'e82be7d358', time: '2018-11-14T08:25:53'
System info: host: 'WS-16393', ip: '10.236.177.81', os.name: 'Windows 10', os.arch: 'amd64', os.version: '10.0', java.version: '16.0.2'
Driver info: org.openqa.selenium.chrome.ChromeDriver
Capabilities {acceptInsecureCerts: false, browserName: chrome, browserVersion: 110.0.5481.178, chrome: {chromedriverVersion: 109.0.5414.74 (e7c5703604da..., userDataDir: C:\Users\vosn0721\AppData\L...}, goog:chromeOptions: {debuggerAddress: localhost:55560}, javascriptEnabled: true, networkConnectionEnabled: false, pageLoadStrategy: normal, platform: WINDOWS, platformName: WINDOWS, proxy: Proxy(), setWindowRect: true, strictFileInteractability: false, timeouts: {implicit: 0, pageLoad: 300000, script: 30000}, unhandledPromptBehavior: dismiss and notify, webauthn:extension:credBlob: true, webauthn:extension:largeBlob: true, webauthn:virtualAuthenticators: true}
Session ID: 30334a67ea1ce7d8367f3438c73800b3 expected [true] but found [false]
at org.testng.Assert.fail(Assert.java:99)
at org.testng.Assert.failNotEquals(Assert.java:1037)
at org.testng.Assert.assertTrue(Assert.java:45)
at com.netcracker.shaw.at_shaw_sd.pageobject.OrderCreationPage.mduCustomerInformation(OrderCreationPage.java:383)
at com.netcracker.shaw.ModifyCases.Validate_Residental_to_Tenant_Account_Type_Change_during_Modify(ModifyCases.java:5222)
at java.base/jdk.internal.reflect.NativeMethodAccessorImpl.invoke0(Native Method)
at java.base/jdk.internal.reflect.NativeMethodAccessorImpl.invoke(NativeMethodAccessorImpl.java:78)
at java.base/jdk.internal.reflect.DelegatingMethodAccessorImpl.invoke(DelegatingMethodAccessorImpl.java:43)
at java.base/java.lang.reflect.Method.invoke(Method.java:567)
at org.testng.internal.MethodInvocationHelper.invokeMethod(MethodInvocationHelper.java:133)
at org.testng.internal.TestInvoker.invokeMethod(TestInvoker.java:598)
at org.testng.internal.TestInvoker.invokeTestMethod(TestInvoker.java:173)
at org.testng.internal.MethodRunner.runInSequence(MethodRunner.java:46)
at org.testng.internal.TestInvoker$MethodInvocationAgent.invoke(TestInvoker.java:824)
at org.testng.internal.TestInvoker.invokeTestMethods(TestInvoker.java:146)
at org.testng.internal.TestMethodWorker.invokeTestMethods(TestMethodWorker.java:146)
at org.testng.internal.TestMethodWorker.run(TestMethodWorker.java:128)
at java.base/java.util.ArrayList.forEach(ArrayList.java:1511)
at org.testng.TestRunner.privateRun(TestRunner.java:794)
at org.testng.TestRunner.run(TestRunner.java:596)
at org.testng.SuiteRunner.runTest(SuiteRunner.java:377)
at org.testng.SuiteRunner.runSequentially(SuiteRunner.java:371)
at org.testng.SuiteRunner.privateRun(SuiteRunner.java:332)
at org.testng.SuiteRunner.run(SuiteRunner.java:276)
at org.testng.SuiteRunnerWorker.runSuite(SuiteRunnerWorker.java:53)
at org.testng.SuiteRunnerWorker.run(SuiteRunnerWorker.java:96)
at org.testng.TestNG.runSuitesSequentially(TestNG.java:1212)
at org.testng.TestNG.runSuitesLocally(TestNG.java:1134)
at org.testng.TestNG.runSuites(TestNG.java:1063)
at org.testng.TestNG.run(TestNG.java:1031)
at org.testng.remote.AbstractRemoteTestNG.run(AbstractRemoteTestNG.java:115)
at org.testng.remote.RemoteTestNG.initAndRun(RemoteTestNG.java:251)
at org.testng.remote.RemoteTestNG.main(RemoteTestNG.java:77)
]]>
    </failure>
  </testcase> <!-- Validate_Residental_to_Tenant_Account_Type_Change_during_Modify on [ModifyCases passed=0 failed=0 skipped=0] -->
  <testcase classname="com.netcracker.shaw.ActivateCases" name="Activate_Phone_DPT_Internet_Converged" time="0.0">
    <ignored/>
  </testcase> <!-- Activate_Phone_DPT_Internet_Converged -->
  <testcase classname="com.netcracker.shaw.PromotionsServiceAgreementCases" name="Validate_2YVPInt_Tvagreement_disable_with_TCIS" time="0.0">
    <ignored/>
  </testcase> <!-- Validate_2YVPInt_Tvagreement_disable_with_TCIS -->
  <testcase classname="com.netcracker.shaw.InflightCases" name="Inflight_Removing_BlueSKYTV_XB6_PremiseMove_CGY_CGY_WithGap" time="0.0">
    <ignored/>
  </testcase> <!-- Inflight_Removing_BlueSKYTV_XB6_PremiseMove_CGY_CGY_WithGap -->
  <testcase classname="com.netcracker.shaw.PremiseMoveCases" name="PremiseMove_CGY_Affordable_Internet_TV" time="0.0">
    <ignored/>
  </testcase> <!-- PremiseMove_CGY_Affordable_Internet_TV -->
  <testcase classname="com.netcracker.shaw.setup.SeleniumTestUp" name="@BeforeSuite killActiveProcess" time="0.0">
    <ignored/>
  </testcase> <!-- @BeforeSuite killActiveProcess -->
  <testcase classname="com.netcracker.shaw.setup.SeleniumTestUp" name="@BeforeSuite killActiveProcess" time="0.0">
    <ignored/>
  </testcase> <!-- @BeforeSuite killActiveProcess -->
  <testcase classname="com.netcracker.shaw.setup.SeleniumTestUp" name="@BeforeSuite killActiveProcess" time="0.0">
    <ignored/>
  </testcase> <!-- @BeforeSuite killActiveProcess -->
  <testcase classname="com.netcracker.shaw.setup.SeleniumTestUp" name="@BeforeSuite killActiveProcess" time="0.0">
    <ignored/>
  </testcase> <!-- @BeforeSuite killActiveProcess -->
  <testcase classname="com.netcracker.shaw.setup.SeleniumTestUp" name="@BeforeSuite killActiveProcess" time="0.0">
    <ignored/>
  </testcase> <!-- @BeforeSuite killActiveProcess -->
  <testcase classname="com.netcracker.shaw.setup.SeleniumTestUp" name="@BeforeSuite killActiveProcess" time="0.0">
    <ignored/>
  </testcase> <!-- @BeforeSuite killActiveProcess -->
  <testcase classname="com.netcracker.shaw.setup.SeleniumTestUp" name="@BeforeSuite killActiveProcess" time="0.0">
    <ignored/>
  </testcase> <!-- @BeforeSuite killActiveProcess -->
  <testcase classname="com.netcracker.shaw.setup.SeleniumTestUp" name="@BeforeSuite killActiveProcess" time="0.0">
    <ignored/>
  </testcase> <!-- @BeforeSuite killActiveProcess -->
  <testcase classname="com.netcracker.shaw.setup.SeleniumTestUp" name="@BeforeSuite killActiveProcess" time="0.0">
    <ignored/>
  </testcase> <!-- @BeforeSuite killActiveProcess -->
  <testcase classname="com.netcracker.shaw.setup.SeleniumTestUp" name="@BeforeSuite killActiveProcess" time="0.0">
    <ignored/>
  </testcase> <!-- @BeforeSuite killActiveProcess -->
  <testcase classname="com.netcracker.shaw.setup.SeleniumTestUp" name="@BeforeSuite killActiveProcess" time="0.0">
    <ignored/>
  </testcase> <!-- @BeforeSuite killActiveProcess -->
  <testcase classname="com.netcracker.shaw.setup.SeleniumTestUp" name="@BeforeSuite killActiveProcess" time="0.0">
    <ignored/>
  </testcase> <!-- @BeforeSuite killActiveProcess -->
  <testcase classname="com.netcracker.shaw.setup.SeleniumTestUp" name="@BeforeSuite killActiveProcess" time="0.0">
    <ignored/>
  </testcase> <!-- @BeforeSuite killActiveProcess -->
  <testcase classname="com.netcracker.shaw.setup.SeleniumTestUp" name="@BeforeSuite killActiveProcess" time="0.0">
    <ignored/>
  </testcase> <!-- @BeforeSuite killActiveProcess -->
  <testcase classname="com.netcracker.shaw.setup.SeleniumTestUp" name="@BeforeSuite killActiveProcess" time="0.0">
    <ignored/>
  </testcase> <!-- @BeforeSuite killActiveProcess -->
  <testcase classname="com.netcracker.shaw.setup.SeleniumTestUp" name="@BeforeSuite killActiveProcess" time="0.0">
    <ignored/>
  </testcase> <!-- @BeforeSuite killActiveProcess -->
  <testcase classname="com.netcracker.shaw.setup.SeleniumTestUp" name="@BeforeSuite killActiveProcess" time="0.0">
    <ignored/>
  </testcase> <!-- @BeforeSuite killActiveProcess -->
  <testcase classname="com.netcracker.shaw.setup.SeleniumTestUp" name="@BeforeSuite killActiveProcess" time="0.0">
    <ignored/>
  </testcase> <!-- @BeforeSuite killActiveProcess -->
  <testcase classname="com.netcracker.shaw.setup.SeleniumTestUp" name="@BeforeSuite killActiveProcess" time="0.0">
    <ignored/>
  </testcase> <!-- @BeforeSuite killActiveProcess -->
  <testcase classname="com.netcracker.shaw.DisconnectCases" name="Disconnect_XPOD_Rental_Package_Exisitng_Customer" time="0.0">
    <ignored/>
  </testcase> <!-- Disconnect_XPOD_Rental_Package_Exisitng_Customer -->
  <testcase classname="com.netcracker.shaw.InflightCases" name="Inflight_Modify_Addition_Phone_Jack" time="0.0">
    <ignored/>
  </testcase> <!-- Inflight_Modify_Addition_Phone_Jack -->
  <testcase classname="com.netcracker.shaw.SoupUIRestAPICases" name="QuoteValidation_EndPoint_SSLServices_DPT_Hitron_Moxi_PickAndPay" time="0.0">
    <ignored/>
  </testcase> <!-- QuoteValidation_EndPoint_SSLServices_DPT_Hitron_Moxi_PickAndPay -->
  <testcase classname="com.netcracker.shaw.SoupUIRestAPICases" name="Execute_CPE_EndPoint_GetEquipment_BySerialNbr" time="0.0">
    <ignored/>
  </testcase> <!-- Execute_CPE_EndPoint_GetEquipment_BySerialNbr -->
  <testcase classname="com.netcracker.shaw.HardwareSwapCases" name="Triple_Play_Hardware_Swap" time="0.0">
    <ignored/>
  </testcase> <!-- Triple_Play_Hardware_Swap -->
  <testcase classname="com.netcracker.shaw.ActivateCases" name="Activate_TV_With_BlueSky_Xid_portals" time="0.0">
    <ignored/>
  </testcase> <!-- Activate_TV_With_BlueSky_Xid_portals -->
  <testcase classname="com.netcracker.shaw.SoupUIRestAPICases" name="Immediate_Resume_EndPoint_Tripleplay_XB6_X1Gateway" time="0.0">
    <ignored/>
  </testcase> <!-- Immediate_Resume_EndPoint_Tripleplay_XB6_X1Gateway -->
  <testcase classname="com.netcracker.shaw.ImmediateCases" name="Immediate_HW_Reset_Order_DPT_Hitron" time="0.0">
    <ignored/>
  </testcase> <!-- Immediate_HW_Reset_Order_DPT_Hitron -->
  <testcase classname="com.netcracker.shaw.PortInCases" name="Porting_PhNbr_AlarmNo_Disconnection_Address_Yes_PortIn_Immediately" time="0.0">
    <ignored/>
  </testcase> <!-- Porting_PhNbr_AlarmNo_Disconnection_Address_Yes_PortIn_Immediately -->
  <testcase classname="com.netcracker.shaw.ResumeCases" name="Resume_DPT_Hitron_Moxi" time="0.0">
    <ignored/>
  </testcase> <!-- Resume_DPT_Hitron_Moxi -->
  <testcase classname="com.netcracker.shaw.ImmediateCases" name="Immediate_Tab_Add_Phone_Features_Exisiting_Cust_Converged" time="0.0">
    <ignored/>
  </testcase> <!-- Immediate_Tab_Add_Phone_Features_Exisiting_Cust_Converged -->
  <testcase classname="com.netcracker.shaw.ModifyCases" name="Adding_Emails_with_XB6_Converged" time="0.0">
    <ignored/>
  </testcase> <!-- Adding_Emails_with_XB6_Converged -->
  <testcase classname="com.netcracker.shaw.ReinstateCases" name="Booking_Service_Call_Reinstate_MOCA_Enabled_Hardware" time="0.0">
    <ignored/>
  </testcase> <!-- Booking_Service_Call_Reinstate_MOCA_Enabled_Hardware -->
  <testcase classname="com.netcracker.shaw.ModifyCases" name="Modify_Offering_Tripleplay_Account_Upgrading_Internet_Downgrading_TV" time="0.0">
    <ignored/>
  </testcase> <!-- Modify_Offering_Tripleplay_Account_Upgrading_Internet_Downgrading_TV -->
  <testcase classname="com.netcracker.shaw.SuspendCases" name="Services_Suspend_Provision_CustConfirmation_PremiseMove_withoutGAP" time="0.0">
    <ignored/>
  </testcase> <!-- Services_Suspend_Provision_CustConfirmation_PremiseMove_withoutGAP -->
  <testcase classname="com.netcracker.shaw.ActivateCases" name="Activate_Internet_with_XB6_converged" time="0.0">
    <ignored/>
  </testcase> <!-- Activate_Internet_with_XB6_converged -->
  <testcase classname="com.netcracker.shaw.InflightCases" name="DoNotAutoCancel_Inflight_Modify_DirectFulfilment_HWRecall_ForIntLOB" time="0.0">
    <ignored/>
  </testcase> <!-- DoNotAutoCancel_Inflight_Modify_DirectFulfilment_HWRecall_ForIntLOB -->
  <testcase classname="com.netcracker.shaw.OtherCases" name="New_TV_with_MOCA_Enabled_Hw_Future_Date" time="0.0">
    <ignored/>
  </testcase> <!-- New_TV_with_MOCA_Enabled_Hw_Future_Date -->
  <testcase classname="com.netcracker.shaw.ActivateCases" name="Activate_Phone_Internet_WithXB6_TV_BlueSkyBox_Portal" time="0.0">
    <ignored/>
  </testcase> <!-- Activate_Phone_Internet_WithXB6_TV_BlueSkyBox_Portal -->
  <testcase classname="com.netcracker.shaw.DisconnectCases" name="Disconnect_PhoneLOB_Number_Verification" time="0.0">
    <ignored/>
  </testcase> <!-- Disconnect_PhoneLOB_Number_Verification -->
  <testcase classname="com.netcracker.shaw.OtherCases" name="TriplePlay_OM_Sends_HPESA" time="0.0">
    <ignored/>
  </testcase> <!-- TriplePlay_OM_Sends_HPESA -->
  <testcase classname="com.netcracker.shaw.PortInCases" name="Porting_LifelineYes_ShawService_ReqestYes" time="0.0">
    <ignored/>
  </testcase> <!-- Porting_LifelineYes_ShawService_ReqestYes -->
  <testcase classname="com.netcracker.shaw.SuspendCases" name="Resumption_AUP_Suspended_TriplePlay_XB6Converged" time="0.0">
    <ignored/>
  </testcase> <!-- Resumption_AUP_Suspended_TriplePlay_XB6Converged -->
  <testcase classname="com.netcracker.shaw.TechRetryCases" name="Iterations_TechRetry_swap_Convrgd_PhInt" time="0.0">
    <ignored/>
  </testcase> <!-- Iterations_TechRetry_swap_Convrgd_PhInt -->
  <testcase classname="com.netcracker.shaw.TechRetryCases" name="TechRetry_Pending_Install_WithXB6_BlueSky_SameSlNo" time="0.0">
    <ignored/>
  </testcase> <!-- TechRetry_Pending_Install_WithXB6_BlueSky_SameSlNo -->
  <testcase classname="com.netcracker.shaw.OtherCases" name="City_Search_Contains_Condiction_Value" time="0.0">
    <ignored/>
  </testcase> <!-- City_Search_Contains_Condiction_Value -->
  <testcase classname="com.netcracker.shaw.SoupUIRestAPICases" name="Execute_GetProduct_HighLevelEndpoint_TriplePlayXB6_X1Gateway" time="0.0">
    <ignored/>
  </testcase> <!-- Execute_GetProduct_HighLevelEndpoint_TriplePlayXB6_X1Gateway -->
  <testcase classname="com.netcracker.shaw.TechRetryCases" name="Error_Format_HPESA_Fails_IntPhTV_NewCust_TechRetry_SameSlNbr" time="0.0">
    <ignored/>
  </testcase> <!-- Error_Format_HPESA_Fails_IntPhTV_NewCust_TechRetry_SameSlNbr -->
  <testcase classname="com.netcracker.shaw.ModifyCases" name="Modification_Existing_Account_Fiber_Modem" time="0.0">
    <ignored/>
  </testcase> <!-- Modification_Existing_Account_Fiber_Modem -->
  <testcase classname="com.netcracker.shaw.LevelUpCases" name="Reassign_levelupBtn_Display_OE_ShawGatewayPortal_Moxi_CustOwned_Devices" time="0.0">
    <ignored/>
  </testcase> <!-- Reassign_levelupBtn_Display_OE_ShawGatewayPortal_Moxi_CustOwned_Devices -->
  <testcase classname="com.netcracker.shaw.PortInCases" name="ActivatePh_nativeTN_DRing_PortinTN_LSC_not_received" time="0.0">
    <ignored/>
  </testcase> <!-- ActivatePh_nativeTN_DRing_PortinTN_LSC_not_received -->
  <testcase classname="com.netcracker.shaw.PremiseMoveCases" name="Active_xFi_PremiseMove_With_Gap" time="0.0">
    <ignored/>
  </testcase> <!-- Active_xFi_PremiseMove_With_Gap -->
  <testcase classname="com.netcracker.shaw.PortInCases" name="Activation_PortedTN_LifelineAlarm_Yes" time="0.0">
    <ignored/>
  </testcase> <!-- Activation_PortedTN_LifelineAlarm_Yes -->
  <testcase classname="com.netcracker.shaw.ModifyCases" name="Downgrading_TotalTV_to_LimitedTV_with_BlueSky" time="0.0">
    <ignored/>
  </testcase> <!-- Downgrading_TotalTV_to_LimitedTV_with_BlueSky -->
  <testcase classname="com.netcracker.shaw.PremiseMoveCases" name="TechSwap_Premise_Move_Modify_Order" time="0.0">
    <ignored/>
  </testcase> <!-- TechSwap_Premise_Move_Modify_Order -->
  <testcase classname="com.netcracker.shaw.SoupUIRestAPICases" name="Execute_CustServiceAgreement_Generate_ServiceAgreement_TriplePay" time="0.0">
    <ignored/>
  </testcase> <!-- Execute_CustServiceAgreement_Generate_ServiceAgreement_TriplePay -->
  <testcase classname="com.netcracker.shaw.ModifyCases" name="VoiceMail_DistinctiveRing_Converged" time="0.0">
    <ignored/>
  </testcase> <!-- VoiceMail_DistinctiveRing_Converged -->
  <testcase classname="com.netcracker.shaw.SuspendCases" name="TCIS_Suspension_TriplePlay_DPT_Hitron_LegacyTV" time="0.0">
    <ignored/>
  </testcase> <!-- TCIS_Suspension_TriplePlay_DPT_Hitron_LegacyTV -->
  <testcase classname="com.netcracker.shaw.PortInCases" name="Verify_FFM_Customer_Requested_Porting_PhoneLine" time="0.0">
    <ignored/>
  </testcase> <!-- Verify_FFM_Customer_Requested_Porting_PhoneLine -->
  <testcase classname="com.netcracker.shaw.ModifyCases" name="Changing_Residential_To_Staff_XB6_BlueSky_TV" time="0.0">
    <ignored/>
  </testcase> <!-- Changing_Residential_To_Staff_XB6_BlueSky_TV -->
  <testcase classname="com.netcracker.shaw.PremiseMoveCases" name="Order_Decomposition_PremiseMove" time="0.0">
    <ignored/>
  </testcase> <!-- Order_Decomposition_PremiseMove -->
  <testcase classname="com.netcracker.shaw.InflightCases" name="Inflight_Cancel" time="0.0">
    <ignored/>
  </testcase> <!-- Inflight_Cancel -->
  <testcase classname="com.netcracker.shaw.PortInCases" name="Activate_Phone_Converged_NativeTN_PortedDR" time="0.0">
    <ignored/>
  </testcase> <!-- Activate_Phone_Converged_NativeTN_PortedDR -->
  <testcase classname="com.netcracker.shaw.MailOutCases" name="Activate_Standaldone_XB6_internet_via_direct_fullfilment" time="0.0">
    <ignored/>
  </testcase> <!-- Activate_Standaldone_XB6_internet_via_direct_fullfilment -->
  <testcase classname="com.netcracker.shaw.SoupUIRestAPICases" name="Execute_GetAc_Equipment_SlNBR_Endpoint_GetDetails_TriplePlayXB6_X1Gateway" time="0.0">
    <ignored/>
  </testcase> <!-- Execute_GetAc_Equipment_SlNBR_Endpoint_GetDetails_TriplePlayXB6_X1Gateway -->
  <testcase classname="com.netcracker.shaw.ModifyCases" name="Changing_NativeTN_NativeTN_Converged" time="0.0">
    <ignored/>
  </testcase> <!-- Changing_NativeTN_NativeTN_Converged -->
  <testcase classname="com.netcracker.shaw.ModifyCases" name="Modify_DCX_to_BlueSky" time="0.0">
    <ignored/>
  </testcase> <!-- Modify_DCX_to_BlueSky -->
  <testcase classname="com.netcracker.shaw.ReinstateCases" name="Fully_Disconnect_TriplePlay_Perform_Reinstate_New_Resources" time="0.0">
    <ignored/>
  </testcase> <!-- Fully_Disconnect_TriplePlay_Perform_Reinstate_New_Resources -->
  <testcase classname="com.netcracker.shaw.SoupUIRestAPICases" name="Execute_GetProduct_ByID_TriplePlay_XB6Converged_X1Gateway" time="0.0">
    <ignored/>
  </testcase> <!-- Execute_GetProduct_ByID_TriplePlay_XB6Converged_X1Gateway -->
  <testcase classname="com.netcracker.shaw.InflightCases" name="Inflight_Modify_Wifi_Fail" time="0.0">
    <ignored/>
  </testcase> <!-- Inflight_Modify_Wifi_Fail -->
  <testcase classname="com.netcracker.shaw.ActivateCases" name="Submit_BtnDisplay_While_Adding_AnotherLOB_RetailPickup_Order" time="0.0">
    <ignored/>
  </testcase> <!-- Submit_BtnDisplay_While_Adding_AnotherLOB_RetailPickup_Order -->
  <testcase classname="com.netcracker.shaw.ModifyCases" name="AddRemove_channels_BlueSKY_TV" time="0.0">
    <ignored/>
  </testcase> <!-- AddRemove_channels_BlueSKY_TV -->
  <testcase classname="com.netcracker.shaw.ActivateCases" name="Future_Install_Order_Fiber_Modem" time="0.0">
    <ignored/>
  </testcase> <!-- Future_Install_Order_Fiber_Modem -->
  <testcase classname="com.netcracker.shaw.InflightCases" name="Inflight_Cancel_Activation_PremiseMove_Order" time="0.0">
    <ignored/>
  </testcase> <!-- Inflight_Cancel_Activation_PremiseMove_Order -->
  <testcase classname="com.netcracker.shaw.PromotionsServiceAgreementCases" name="Activate_Int_conv_TVBoxPortal_2YVPInt_Tvagreement" time="0.0">
    <ignored/>
  </testcase> <!-- Activate_Int_conv_TVBoxPortal_2YVPInt_Tvagreement -->
  <testcase classname="com.netcracker.shaw.PortInCases" name="Porting_LifeLineNo_ShawService_ReqestNo" time="0.0">
    <ignored/>
  </testcase> <!-- Porting_LifeLineNo_ShawService_ReqestNo -->
  <testcase classname="com.netcracker.shaw.PortInCases" name="Convert_PhNative_Ported_LSC_Cmpltd_DueDate_Reach_Cancle_Porting" time="0.0">
    <ignored/>
  </testcase> <!-- Convert_PhNative_Ported_LSC_Cmpltd_DueDate_Reach_Cancle_Porting -->
  <testcase classname="com.netcracker.shaw.OtherCases" name="Add_Rental_XPOD_To_XB6_Device" time="0.0">
    <ignored/>
  </testcase> <!-- Add_Rental_XPOD_To_XB6_Device -->
  <testcase classname="com.netcracker.shaw.SoupUIRestAPICases" name="ERP_Disconnect_Order_Submission_SinglePlay" time="0.0">
    <ignored/>
  </testcase> <!-- ERP_Disconnect_Order_Submission_SinglePlay -->
  <testcase classname="com.netcracker.shaw.ActivateCases" name="New_ESI_API_Call_To_Retrieve_Email_And_Their_Status_For_Auto_Migration_Order" time="0.0">
    <ignored/>
  </testcase> <!-- New_ESI_API_Call_To_Retrieve_Email_And_Their_Status_For_Auto_Migration_Order -->
  <testcase classname="com.netcracker.shaw.PortInCases" name="Verify_FFM_Customer_Requested_Porting_Multiple_PhoneLines" time="0.0">
    <ignored/>
  </testcase> <!-- Verify_FFM_Customer_Requested_Porting_Multiple_PhoneLines -->
  <testcase classname="com.netcracker.shaw.TechRetryCases" name="TechRetry_diff_device_provis_failed_swap_conved_PhInt" time="0.0">
    <ignored/>
  </testcase> <!-- TechRetry_diff_device_provis_failed_swap_conved_PhInt -->
  <testcase classname="com.netcracker.shaw.SoupUIRestAPICases" name="DualJack_WiredToPreviousProvider_ReportGen_ActivePhoneLine" time="0.0">
    <ignored/>
  </testcase> <!-- DualJack_WiredToPreviousProvider_ReportGen_ActivePhoneLine -->
  <testcase classname="com.netcracker.shaw.OtherCases" name="NewTV_MOCA_enabled_HW_New_Customer_IFM" time="0.0">
    <ignored/>
  </testcase> <!-- NewTV_MOCA_enabled_HW_New_Customer_IFM -->
  <testcase classname="com.netcracker.shaw.SoupUIRestAPICases" name="Execute_GetOrderDetails_ByCustAccnt_EndPoint_TriplePlay_XB6_X1Gateway" time="0.0">
    <ignored/>
  </testcase> <!-- Execute_GetOrderDetails_ByCustAccnt_EndPoint_TriplePlay_XB6_X1Gateway -->
  <testcase classname="com.netcracker.shaw.ActivateCases" name="Activate_TV_With_DCT_700_HD_Guide" time="0.0">
    <ignored/>
  </testcase> <!-- Activate_TV_With_DCT_700_HD_Guide -->
  <testcase classname="com.netcracker.shaw.ModifyCases" name="Add_Purchased_XPOD_Package_Exisitng_Customer" time="0.0">
    <ignored/>
  </testcase> <!-- Add_Purchased_XPOD_Package_Exisitng_Customer -->
  <testcase classname="com.netcracker.shaw.ModifyCases" name="Preferred_Payment_Modify" time="0.0">
    <ignored/>
  </testcase> <!-- Preferred_Payment_Modify -->
  <testcase classname="com.netcracker.shaw.ActivateCases" name="Activate_DoublePlay_Converged_PhInt" time="0.0">
    <ignored/>
  </testcase> <!-- Activate_DoublePlay_Converged_PhInt -->
  <testcase classname="com.netcracker.shaw.PortInCases" name="Ported_Num_Disconnect_After_TN_Change" time="0.0">
    <ignored/>
  </testcase> <!-- Ported_Num_Disconnect_After_TN_Change -->
  <testcase classname="com.netcracker.shaw.ModifyCases" name="DPT_to_XB6_Converged" time="0.0">
    <ignored/>
  </testcase> <!-- DPT_to_XB6_Converged -->
  <testcase classname="com.netcracker.shaw.ImmediateCases" name="Immediate_Scenarios_Hardware_Swap" time="0.0">
    <ignored/>
  </testcase> <!-- Immediate_Scenarios_Hardware_Swap -->
  <testcase classname="com.netcracker.shaw.ModifyCases" name="Validate_Tenant_to_Residential_Account_Type_Change_during_Modify" time="0.0">
    <ignored/>
  </testcase> <!-- Validate_Tenant_to_Residential_Account_Type_Change_during_Modify -->
  <testcase classname="com.netcracker.shaw.PromotionsServiceAgreementCases" name="Verify_ChangeVP_Agreement_1P2P_Generate_Agreement_Btn" time="0.0">
    <ignored/>
  </testcase> <!-- Verify_ChangeVP_Agreement_1P2P_Generate_Agreement_Btn -->
  <testcase classname="com.netcracker.shaw.SoupUIRestAPICases" name="Add_Single_ActiveTVCustomer_Quote_Submission_DeltaAPI" time="0.0">
    <ignored/>
  </testcase> <!-- Add_Single_ActiveTVCustomer_Quote_Submission_DeltaAPI -->
  <testcase classname="com.netcracker.shaw.LevelUpCases" name="Reassign_levelupBtn_Display_OE_ShawPortal_SMG_Devices_ModifyOrder" time="0.0">
    <ignored/>
  </testcase> <!-- Reassign_levelupBtn_Display_OE_ShawPortal_SMG_Devices_ModifyOrder -->
  <testcase classname="com.netcracker.shaw.OtherCases" name="Automatic_Retry_Failed_Phone_HPSA_7004" time="0.0">
    <ignored/>
  </testcase> <!-- Automatic_Retry_Failed_Phone_HPSA_7004 -->
  <testcase classname="com.netcracker.shaw.OtherCases" name="Create_Segments_OE_Display_Promo_Segments_Contain_Reg_And_Customer_And_Validate" time="0.0">
    <ignored/>
  </testcase> <!-- Create_Segments_OE_Display_Promo_Segments_Contain_Reg_And_Customer_And_Validate -->
  <testcase classname="com.netcracker.shaw.PortInCases" name="Port_PhoneNumber_DistinctiveRing" time="0.0">
    <ignored/>
  </testcase> <!-- Port_PhoneNumber_DistinctiveRing -->
  <testcase classname="com.netcracker.shaw.ImmediateCases" name="Immediate_Scenarios_Add_Email" time="0.0">
    <ignored/>
  </testcase> <!-- Immediate_Scenarios_Add_Email -->
  <testcase classname="com.netcracker.shaw.ModifyCases" name="Upgrade_TV_offering_Grandfathered_promotion" time="0.0">
    <ignored/>
  </testcase> <!-- Upgrade_TV_offering_Grandfathered_promotion -->
  <testcase classname="com.netcracker.shaw.ResumeCases" name="Resume_TriplePlay" time="0.0">
    <ignored/>
  </testcase> <!-- Resume_TriplePlay -->
  <testcase classname="com.netcracker.shaw.InflightCases" name="Inflight_Modify_Existing_Active_Order" time="0.0">
    <ignored/>
  </testcase> <!-- Inflight_Modify_Existing_Active_Order -->
  <testcase classname="com.netcracker.shaw.ActivateCases" name="Agent_Enters_RentalSN_Purchased_Device" time="0.0">
    <ignored/>
  </testcase> <!-- Agent_Enters_RentalSN_Purchased_Device -->
  <testcase classname="com.netcracker.shaw.ModifyCases" name="Cancelling_ReSbmitting_order_XB6_Converged" time="0.0">
    <ignored/>
  </testcase> <!-- Cancelling_ReSbmitting_order_XB6_Converged -->
  <testcase classname="com.netcracker.shaw.ModifyCases" name="TN_change_Ported_To_Native_with_DPT" time="0.0">
    <ignored/>
  </testcase> <!-- TN_change_Ported_To_Native_with_DPT -->
  <testcase classname="com.netcracker.shaw.ModifyCases" name="Modify_Service_Agreement_Service_Agreement_Changes" time="0.0">
    <ignored/>
  </testcase> <!-- Modify_Service_Agreement_Service_Agreement_Changes -->
  <testcase classname="com.netcracker.shaw.InflightCases" name="Inflight_Cancel_existing_account_with_pending_order" time="0.0">
    <ignored/>
  </testcase> <!-- Inflight_Cancel_existing_account_with_pending_order -->
  <testcase classname="com.netcracker.shaw.PremiseMoveCases" name="IntraProvince_PremiseMove_CGY_TO_CGY" time="0.0">
    <ignored/>
  </testcase> <!-- IntraProvince_PremiseMove_CGY_TO_CGY -->
  <testcase classname="com.netcracker.shaw.SuspendCases" name="Suspend_TriplePlay_TCIS" time="0.0">
    <ignored/>
  </testcase> <!-- Suspend_TriplePlay_TCIS -->
  <testcase classname="com.netcracker.shaw.SoupUIRestAPICases" name="Resumption_Collection_Suspended_TriplePlay_XB6_Bluesky" time="0.0">
    <ignored/>
  </testcase> <!-- Resumption_Collection_Suspended_TriplePlay_XB6_Bluesky -->
  <testcase classname="com.netcracker.shaw.HardwareSwapCases" name="Tripleplay_DPT_Cisco_legacyTV_Swap_Through_Order_Entry" time="0.0">
    <ignored/>
  </testcase> <!-- Tripleplay_DPT_Cisco_legacyTV_Swap_Through_Order_Entry -->
  <testcase classname="com.netcracker.shaw.ModifyCases" name="Addition_Secondary_PhoneLine_XB6_DPT" time="0.0">
    <ignored/>
  </testcase> <!-- Addition_Secondary_PhoneLine_XB6_DPT -->
  <testcase classname="com.netcracker.shaw.ModifyCases" name="Remove_Email_Hitron_Device" time="0.0">
    <ignored/>
  </testcase> <!-- Remove_Email_Hitron_Device -->
  <testcase classname="com.netcracker.shaw.PremiseMoveCases" name="Validate_Premise_Move_Residental_Account_with_Internet_TV" time="0.0">
    <ignored/>
  </testcase> <!-- Validate_Premise_Move_Residental_Account_with_Internet_TV -->
  <testcase classname="com.netcracker.shaw.TBAPI" name="TBAPI_Sanity" time="0.0">
    <ignored/>
  </testcase> <!-- TBAPI_Sanity -->
  <testcase classname="com.netcracker.shaw.ActivateCases" name="VerifySMSNbr_AppoinmentTab_DefaultFee_NewAccount_Creation" time="0.0">
    <ignored/>
  </testcase> <!-- VerifySMSNbr_AppoinmentTab_DefaultFee_NewAccount_Creation -->
  <testcase classname="com.netcracker.shaw.SoupUIRestAPICases" name="Immediate_Suspend_EndPoint_TriplePlay_XB6_X1Gateway" time="0.0">
    <ignored/>
  </testcase> <!-- Immediate_Suspend_EndPoint_TriplePlay_XB6_X1Gateway -->
  <testcase classname="com.netcracker.shaw.setup.SeleniumTestUp" name="@AfterSuite generateSummary" time="0.0">
    <ignored/>
  </testcase> <!-- @AfterSuite generateSummary -->
  <testcase classname="com.netcracker.shaw.ModifyCases" name="DowngradeTV_Pramotion_Expiring_Nextbill_Cycle" time="0.0">
    <ignored/>
  </testcase> <!-- DowngradeTV_Pramotion_Expiring_Nextbill_Cycle -->
  <testcase classname="com.netcracker.shaw.setup.SeleniumTestUp" name="@AfterSuite generateSummary" time="0.0">
    <ignored/>
  </testcase> <!-- @AfterSuite generateSummary -->
  <testcase classname="com.netcracker.shaw.setup.SeleniumTestUp" name="@AfterSuite generateSummary" time="0.0">
    <ignored/>
  </testcase> <!-- @AfterSuite generateSummary -->
  <testcase classname="com.netcracker.shaw.setup.SeleniumTestUp" name="@AfterSuite generateSummary" time="0.0">
    <ignored/>
  </testcase> <!-- @AfterSuite generateSummary -->
  <testcase classname="com.netcracker.shaw.setup.SeleniumTestUp" name="@AfterSuite generateSummary" time="0.0">
    <ignored/>
  </testcase> <!-- @AfterSuite generateSummary -->
  <testcase classname="com.netcracker.shaw.setup.SeleniumTestUp" name="@AfterSuite generateSummary" time="0.0">
    <ignored/>
  </testcase> <!-- @AfterSuite generateSummary -->
  <testcase classname="com.netcracker.shaw.setup.SeleniumTestUp" name="@AfterSuite generateSummary" time="0.0">
    <ignored/>
  </testcase> <!-- @AfterSuite generateSummary -->
  <testcase classname="com.netcracker.shaw.setup.SeleniumTestUp" name="@AfterSuite generateSummary" time="0.0">
    <ignored/>
  </testcase> <!-- @AfterSuite generateSummary -->
  <testcase classname="com.netcracker.shaw.setup.SeleniumTestUp" name="@AfterSuite generateSummary" time="0.0">
    <ignored/>
  </testcase> <!-- @AfterSuite generateSummary -->
  <testcase classname="com.netcracker.shaw.setup.SeleniumTestUp" name="@AfterSuite generateSummary" time="0.0">
    <ignored/>
  </testcase> <!-- @AfterSuite generateSummary -->
  <testcase classname="com.netcracker.shaw.setup.SeleniumTestUp" name="@AfterSuite generateSummary" time="0.0">
    <ignored/>
  </testcase> <!-- @AfterSuite generateSummary -->
  <testcase classname="com.netcracker.shaw.setup.SeleniumTestUp" name="@AfterSuite generateSummary" time="0.0">
    <ignored/>
  </testcase> <!-- @AfterSuite generateSummary -->
  <testcase classname="com.netcracker.shaw.setup.SeleniumTestUp" name="@AfterSuite generateSummary" time="0.0">
    <ignored/>
  </testcase> <!-- @AfterSuite generateSummary -->
  <testcase classname="com.netcracker.shaw.setup.SeleniumTestUp" name="@AfterSuite generateSummary" time="0.0">
    <ignored/>
  </testcase> <!-- @AfterSuite generateSummary -->
  <testcase classname="com.netcracker.shaw.setup.SeleniumTestUp" name="@AfterSuite generateSummary" time="0.0">
    <ignored/>
  </testcase> <!-- @AfterSuite generateSummary -->
  <testcase classname="com.netcracker.shaw.setup.SeleniumTestUp" name="@AfterSuite generateSummary" time="0.0">
    <ignored/>
  </testcase> <!-- @AfterSuite generateSummary -->
  <testcase classname="com.netcracker.shaw.setup.SeleniumTestUp" name="@AfterSuite generateSummary" time="0.0">
    <ignored/>
  </testcase> <!-- @AfterSuite generateSummary -->
  <testcase classname="com.netcracker.shaw.setup.SeleniumTestUp" name="@AfterSuite generateSummary" time="0.0">
    <ignored/>
  </testcase> <!-- @AfterSuite generateSummary -->
  <testcase classname="com.netcracker.shaw.setup.SeleniumTestUp" name="@AfterSuite generateSummary" time="0.0">
    <ignored/>
  </testcase> <!-- @AfterSuite generateSummary -->
  <testcase classname="com.netcracker.shaw.ActivateCases" name="Retail_pickup_XB6_BlueSky_devices" time="0.0">
    <ignored/>
  </testcase> <!-- Retail_pickup_XB6_BlueSky_devices -->
  <testcase classname="com.netcracker.shaw.SuspendCases" name="Suspend_DPT_Hitron_Moxi" time="0.0">
    <ignored/>
  </testcase> <!-- Suspend_DPT_Hitron_Moxi -->
  <testcase classname="com.netcracker.shaw.ActivateCases" name="Activation_Fiber_Modem" time="0.0">
    <ignored/>
  </testcase> <!-- Activation_Fiber_Modem -->
  <testcase classname="com.netcracker.shaw.SoupUIRestAPICases" name="OMSends_PriorityHPSA_ServicesDisconnect_Contracted_DueTo_NonPay" time="0.0">
    <ignored/>
  </testcase> <!-- OMSends_PriorityHPSA_ServicesDisconnect_Contracted_DueTo_NonPay -->
  <testcase classname="com.netcracker.shaw.ActivateCases" name="Activate_InternetConverged_TV_Bluesky" time="0.0">
    <ignored/>
  </testcase> <!-- Activate_InternetConverged_TV_Bluesky -->
  <testcase classname="com.netcracker.shaw.ModifyCases" name="Adding_VoiceMail_DistinctiveRing_account_with_DPT" time="0.0">
    <ignored/>
  </testcase> <!-- Adding_VoiceMail_DistinctiveRing_account_with_DPT -->
  <testcase classname="com.netcracker.shaw.ResumeCases" name="AutoResume_AfterYdays_NewCust_ProvisionCust_Confirmation_Yes" time="0.0">
    <ignored/>
  </testcase> <!-- AutoResume_AfterYdays_NewCust_ProvisionCust_Confirmation_Yes -->
  <testcase classname="com.netcracker.shaw.ModifyCases" name="Changing_Staff_To_Residential_XB6_BlueSky_TV" time="0.0">
    <ignored/>
  </testcase> <!-- Changing_Staff_To_Residential_XB6_BlueSky_TV -->
  <testcase classname="com.netcracker.shaw.InflightCases" name="Generate_Store_Task_Should_Not_Fail_InFlight" time="0.0">
    <ignored/>
  </testcase> <!-- Generate_Store_Task_Should_Not_Fail_InFlight -->
  <testcase classname="com.netcracker.shaw.PortInCases" name="Porting_LifeLine_No_TechAppointment_Yes" time="0.0">
    <ignored/>
  </testcase> <!-- Porting_LifeLine_No_TechAppointment_Yes -->
  <testcase classname="com.netcracker.shaw.DisconnectCases" name="Tripleplay_DPT_Phone_perform_Full_Disconnect" time="0.0">
    <ignored/>
  </testcase> <!-- Tripleplay_DPT_Phone_perform_Full_Disconnect -->
  <testcase classname="com.netcracker.shaw.DisconnectCases" name="Validate_New_MC_New_Customer_Hardware_Return" time="0.0">
    <ignored/>
  </testcase> <!-- Validate_New_MC_New_Customer_Hardware_Return -->
  <testcase classname="com.netcracker.shaw.HardwareSwapCases" name="HardwareSwap_From_Immediate_ScenariosTab_BRM_SOA" time="0.0">
    <ignored/>
  </testcase> <!-- HardwareSwap_From_Immediate_ScenariosTab_BRM_SOA -->
  <testcase classname="com.netcracker.shaw.ModifyCases" name="Failure_FFMcall_Failure_Service_Call_Booking_Modify" time="0.0">
    <ignored/>
  </testcase> <!-- Failure_FFMcall_Failure_Service_Call_Booking_Modify -->
  <testcase classname="com.netcracker.shaw.InflightCases" name="InFlight_Remove_Internet" time="0.0">
    <ignored/>
  </testcase> <!-- InFlight_Remove_Internet -->
  <testcase classname="com.netcracker.shaw.OtherCases" name="Validate_New_MC_When_MUT_Orders_Are_Processed" time="0.0">
    <ignored/>
  </testcase> <!-- Validate_New_MC_When_MUT_Orders_Are_Processed -->
  <testcase classname="com.netcracker.shaw.ActivateCases" name="Activate_TV_With_Moxi_Gateway" time="0.0">
    <ignored/>
  </testcase> <!-- Activate_TV_With_Moxi_Gateway -->
  <testcase classname="com.netcracker.shaw.ModifyCases" name="Changing_NativeTN_NativeTN_DPT" time="0.0">
    <ignored/>
  </testcase> <!-- Changing_NativeTN_NativeTN_DPT -->
  <testcase classname="com.netcracker.shaw.MailOutCases" name="Retail_Pickup_MailOut_UI_Changes" time="0.0">
    <ignored/>
  </testcase> <!-- Retail_Pickup_MailOut_UI_Changes -->
  <testcase classname="com.netcracker.shaw.ActivateCases" name="Retail_PickUp_Activate_Button" time="0.0">
    <ignored/>
  </testcase> <!-- Retail_PickUp_Activate_Button -->
  <testcase classname="com.netcracker.shaw.InflightCases" name="Inflight_Modify_New_Install_Order" time="0.0">
    <ignored/>
  </testcase> <!-- Inflight_Modify_New_Install_Order -->
  <testcase classname="com.netcracker.shaw.InflightCases" name="Inflight_Modify_Changing_InstallType_Retail_Pickup" time="0.0">
    <ignored/>
  </testcase> <!-- Inflight_Modify_Changing_InstallType_Retail_Pickup -->
  <testcase classname="com.netcracker.shaw.SoupUIRestAPICases" name="Collection_Suspension_TriplePlay_XB6Converged_BlueSky" time="0.0">
    <ignored/>
  </testcase> <!-- Collection_Suspension_TriplePlay_XB6Converged_BlueSky -->
  <testcase classname="com.netcracker.shaw.DisconnectCases" name="Tripleplay_DPT_Cisco_legacyTV_perform_Full_Disconnect" time="0.0">
    <ignored/>
  </testcase> <!-- Tripleplay_DPT_Cisco_legacyTV_perform_Full_Disconnect -->
  <testcase classname="com.netcracker.shaw.OtherCases" name="Create_And_Validate_Regional_Segments" time="0.0">
    <ignored/>
  </testcase> <!-- Create_And_Validate_Regional_Segments -->
  <testcase classname="com.netcracker.shaw.ResumeCases" name="AutoCancel_AfterYdays_ExistingCust_AddingNewHwd_Directfulfilment_Yes" time="0.0">
    <ignored/>
  </testcase> <!-- AutoCancel_AfterYdays_ExistingCust_AddingNewHwd_Directfulfilment_Yes -->
  <testcase classname="com.netcracker.shaw.MailOutCases" name="Sim_Validations_For_New_Internet_Activation" time="0.0">
    <ignored/>
  </testcase> <!-- Sim_Validations_For_New_Internet_Activation -->
  <testcase classname="com.netcracker.shaw.SoupUIRestAPICases" name="Execute_NPD_EndPoint_TriplePlay_XB6_X1Gateway" time="0.0">
    <ignored/>
  </testcase> <!-- Execute_NPD_EndPoint_TriplePlay_XB6_X1Gateway -->
  <testcase classname="com.netcracker.shaw.ActivateCases" name="New_Account_Activation_PortedTN_LifelineAlarm_No" time="0.0">
    <ignored/>
  </testcase> <!-- New_Account_Activation_PortedTN_LifelineAlarm_No -->
  <testcase classname="com.netcracker.shaw.PortInCases" name="Activate_Ph_PortinTN_DRing_LSCNotReceived_AlarmNO" time="0.0">
    <ignored/>
  </testcase> <!-- Activate_Ph_PortinTN_DRing_LSCNotReceived_AlarmNO -->
  <testcase classname="com.netcracker.shaw.TechRetryCases" name="TechRetry_PhoneFail" time="0.0">
    <ignored/>
  </testcase> <!-- TechRetry_PhoneFail -->
  <testcase classname="com.netcracker.shaw.SoupUIRestAPICases" name="CLECOPS_Skipped_ForPortedNbr_SwitchedWiring_Status_NewOrder" time="0.0">
    <ignored/>
  </testcase> <!-- CLECOPS_Skipped_ForPortedNbr_SwitchedWiring_Status_NewOrder -->
  <testcase classname="com.netcracker.shaw.ModifyCases" name="TN_change_Ported_To_Native_with_XB6_Converged" time="0.0">
    <ignored/>
  </testcase> <!-- TN_change_Ported_To_Native_with_XB6_Converged -->
  <testcase classname="com.netcracker.shaw.InflightCases" name="Inflight_Modify_Pending_Install_Account" time="0.0">
    <ignored/>
  </testcase> <!-- Inflight_Modify_Pending_Install_Account -->
  <testcase classname="com.netcracker.shaw.SoupUIRestAPICases" name="Execute_QuoteValidation_EndPoint_TriplePlay_XB6_Bluesky" time="0.0">
    <ignored/>
  </testcase> <!-- Execute_QuoteValidation_EndPoint_TriplePlay_XB6_Bluesky -->
  <testcase classname="com.netcracker.shaw.ModifyCases" name="Modify_Internet75_to_Internet150_With_XB6" time="0.0">
    <ignored/>
  </testcase> <!-- Modify_Internet75_to_Internet150_With_XB6 -->
  <testcase classname="com.netcracker.shaw.ActivateCases" name="Future_TriplePlay_DPT_Hitron_Moxi_AddPromos_Coupon" time="0.0">
    <ignored/>
  </testcase> <!-- Future_TriplePlay_DPT_Hitron_Moxi_AddPromos_Coupon -->
  <testcase classname="com.netcracker.shaw.ActivateCases" name="OE_Assign_DRs_Primary_And_Secondary_Line_To_Respective_Phone_Lines_When_TN_Inventory_API_Returns_Success_Response" time="0.0">
    <ignored/>
  </testcase> <!-- OE_Assign_DRs_Primary_And_Secondary_Line_To_Respective_Phone_Lines_When_TN_Inventory_API_Returns_Success_Response -->
  <testcase classname="com.netcracker.shaw.ResumeCases" name="AutoResume_Ydays_New_RetailPickupS_DF_Yes_InflightAfter_2Days" time="0.0">
    <ignored/>
  </testcase> <!-- AutoResume_Ydays_New_RetailPickupS_DF_Yes_InflightAfter_2Days -->
  <testcase classname="com.netcracker.shaw.ActivateCases" name="Activate_SinglePlay_Internet" time="0.0">
    <ignored/>
  </testcase> <!-- Activate_SinglePlay_Internet -->
  <testcase classname="com.netcracker.shaw.InflightCases" name="AutoCancel_AfterXDays_NewOrder_RetailPickup_Yes" time="0.0">
    <ignored/>
  </testcase> <!-- AutoCancel_AfterXDays_NewOrder_RetailPickup_Yes -->
  <testcase classname="com.netcracker.shaw.TechRetryCases" name="TechRetry_InternetFail_Phone_Success_SameSlNo" time="0.0">
    <ignored/>
  </testcase> <!-- TechRetry_InternetFail_Phone_Success_SameSlNo -->
  <testcase classname="com.netcracker.shaw.PendingOrderCases" name="Pending_Triple_Play_Theme_Channels" time="0.0">
    <ignored/>
  </testcase> <!-- Pending_Triple_Play_Theme_Channels -->
  <testcase classname="com.netcracker.shaw.SuspendCases" name="Suspend_TriplePlay" time="0.0">
    <ignored/>
  </testcase> <!-- Suspend_TriplePlay -->
  <testcase classname="com.netcracker.shaw.ReinstateCases" name="Resinstate_Triple_Play_During_PremiseMove" time="0.0">
    <ignored/>
  </testcase> <!-- Resinstate_Triple_Play_During_PremiseMove -->
  <testcase classname="com.netcracker.shaw.HardwareSwapCases" name="Swap_XB6_Account_xPOD_Package" time="0.0">
    <ignored/>
  </testcase> <!-- Swap_XB6_Account_xPOD_Package -->
  <testcase classname="com.netcracker.shaw.PortInCases" name="ActivatePh_PortIN_TNs_TechRetry_LSC_came_beforeTR" time="0.0">
    <ignored/>
  </testcase> <!-- ActivatePh_PortIN_TNs_TechRetry_LSC_came_beforeTR -->
  <testcase classname="com.netcracker.shaw.PremiseMoveCases" name="TriplePlay_PremiseMove_With_XB6_And_BlueSky" time="0.0">
    <ignored/>
  </testcase> <!-- TriplePlay_PremiseMove_With_XB6_And_BlueSky -->
  <testcase classname="com.netcracker.shaw.ResumeCases" name="Resume_TCIS_Suspension_Changing_Snowbird_EndDate" time="0.0">
    <ignored/>
  </testcase> <!-- Resume_TCIS_Suspension_Changing_Snowbird_EndDate -->
  <testcase classname="com.netcracker.shaw.ReinstateCases" name="Disconnected_Resinstate_PastResource_CustOwned_Devices" time="0.0">
    <ignored/>
  </testcase> <!-- Disconnected_Resinstate_PastResource_CustOwned_Devices -->
  <testcase classname="com.netcracker.shaw.SoupUIRestAPICases" name="Execute_GetAccount_ByID_TriplePlay_XB6Converged_X1Gateway" time="0.0">
    <ignored/>
  </testcase> <!-- Execute_GetAccount_ByID_TriplePlay_XB6Converged_X1Gateway -->
  <testcase classname="com.netcracker.shaw.MduCases" name="Validate_Tenant_Account_Auto_Migration_Master_Sponsored" time="0.0">
    <ignored/>
  </testcase> <!-- Validate_Tenant_Account_Auto_Migration_Master_Sponsored -->
  <testcase classname="com.netcracker.shaw.SoupUIRestAPICases" name="GetQuote_Details_EndPoint_TriplePlay_XB6_X1Gateway" time="0.0">
    <ignored/>
  </testcase> <!-- GetQuote_Details_EndPoint_TriplePlay_XB6_X1Gateway -->
  <testcase classname="com.netcracker.shaw.ModifyCases" name="Addition_Secondary_PhoneLine_XB6_converged" time="0.0">
    <ignored/>
  </testcase> <!-- Addition_Secondary_PhoneLine_XB6_converged -->
  <testcase classname="com.netcracker.shaw.ActivateCases" name="New_IntegrationCall_NC_ERP_OrderPlaced_Multiple_TVDevices" time="0.0">
    <ignored/>
  </testcase> <!-- New_IntegrationCall_NC_ERP_OrderPlaced_Multiple_TVDevices -->
  <testcase classname="com.netcracker.shaw.SoupUIRestAPICases" name="Execute_GetOrderList_ByCustAccnt_EndPoint_TriplePlay_XB6_X1Gateway" time="0.0">
    <ignored/>
  </testcase> <!-- Execute_GetOrderList_ByCustAccnt_EndPoint_TriplePlay_XB6_X1Gateway -->
  <testcase classname="com.netcracker.shaw.PortInCases" name="PortIn_No_Retail_PickUp_Yes" time="0.0">
    <ignored/>
  </testcase> <!-- PortIn_No_Retail_PickUp_Yes -->
  <testcase classname="com.netcracker.shaw.SoupUIRestAPICases" name="ERP_Disconnect_Order_Submission_SinglePlay_Two_Active_Devices" time="0.0">
    <ignored/>
  </testcase> <!-- ERP_Disconnect_Order_Submission_SinglePlay_Two_Active_Devices -->
  <testcase classname="com.netcracker.shaw.PremiseMoveCases" name="Verify_Waitfor_EffectiveDate_Completion_Future_PremiseMove_Order" time="0.0">
    <ignored/>
  </testcase> <!-- Verify_Waitfor_EffectiveDate_Completion_Future_PremiseMove_Order -->
  <testcase classname="com.netcracker.shaw.TechRetryCases" name="TechRetry_diff_SlNos_Bluesky_gateway_Portal_provis_fails" time="0.0">
    <ignored/>
  </testcase> <!-- TechRetry_diff_SlNos_Bluesky_gateway_Portal_provis_fails -->
  <testcase classname="com.netcracker.shaw.ActivateCases" name="Tax_exemption_for_TriplePlay_customer" time="0.0">
    <ignored/>
  </testcase> <!-- Tax_exemption_for_TriplePlay_customer -->
  <testcase classname="com.netcracker.shaw.PremiseMoveCases" name="Verify_AutoResume_YDays_PremiseMove_WithoutGap_Self_Install" time="0.0">
    <ignored/>
  </testcase> <!-- Verify_AutoResume_YDays_PremiseMove_WithoutGap_Self_Install -->
  <testcase classname="com.netcracker.shaw.TechRetryCases" name="TechRetry_Hardware_Swap_DPT_Hitron_LegacyTV" time="0.0">
    <ignored/>
  </testcase> <!-- TechRetry_Hardware_Swap_DPT_Hitron_LegacyTV -->
  <testcase classname="com.netcracker.shaw.SoupUIRestAPICases" name="Execute_Get_OrderbyID_Endpoint_Tripleplay_Customer" time="0.0">
    <ignored/>
  </testcase> <!-- Execute_Get_OrderbyID_Endpoint_Tripleplay_Customer -->
  <testcase classname="com.netcracker.shaw.OtherCases" name="Create_Segments_OE_Display_Promo_Hybrid_Segments_And_Validate" time="0.0">
    <ignored/>
  </testcase> <!-- Create_Segments_OE_Display_Promo_Hybrid_Segments_And_Validate -->
  <testcase classname="com.netcracker.shaw.ActivateCases" name="Validate_Discount_ForNewResidental_Account_with_Internet_TV" time="0.0">
    <ignored/>
  </testcase> <!-- Validate_Discount_ForNewResidental_Account_with_Internet_TV -->
  <testcase classname="com.netcracker.shaw.PortInCases" name="Activation_PortedTN_LifelineAlarm_No" time="0.0">
    <ignored/>
  </testcase> <!-- Activation_PortedTN_LifelineAlarm_No -->
  <testcase classname="com.netcracker.shaw.ResumeCases" name="Resume_TriplePlay_TCIS" time="0.0">
    <ignored/>
  </testcase> <!-- Resume_TriplePlay_TCIS -->
  <testcase classname="com.netcracker.shaw.ActivateCases" name="Call_New_ESI_Service_During_Automated_Account_Migration" time="0.0">
    <ignored/>
  </testcase> <!-- Call_New_ESI_Service_During_Automated_Account_Migration -->
  <testcase classname="com.netcracker.shaw.DisconnectCases" name="No_Notification_To_ESB_Disconnect_Affordable_Offering" time="0.0">
    <ignored/>
  </testcase> <!-- No_Notification_To_ESB_Disconnect_Affordable_Offering -->
  <testcase classname="com.netcracker.shaw.DisconnectCases" name="TriplePlay_XB6Converged_Bluesky_Disconnect_TVLOB" time="0.0">
    <ignored/>
  </testcase> <!-- TriplePlay_XB6Converged_Bluesky_Disconnect_TVLOB -->
  <testcase classname="com.netcracker.shaw.ModifyCases" name="Downgrade_Internet_To_Affordable" time="0.0">
    <ignored/>
  </testcase> <!-- Downgrade_Internet_To_Affordable -->
  <testcase classname="com.netcracker.shaw.SoupUIRestAPICases" name="Execute_QuoteValidation_EndPoint_SSLServices_TriplePlay_FiberModem" time="0.0">
    <ignored/>
  </testcase> <!-- Execute_QuoteValidation_EndPoint_SSLServices_TriplePlay_FiberModem -->
</testsuite> <!-- Regression_Test -->
