<?xml version="1.0" encoding="UTF-8"?>
<!-- Generated by org.testng.reporters.JUnitXMLReporter -->
<testsuite ignored="40" hostname="WS-20113" failures="0" tests="1" name="Regression_Test" time="719.644" errors="0" timestamp="2022-12-26T13:28:46 IST">
  <testcase classname="com.netcracker.upgradeCases.AfterUpgrade" name="Reinstate_with_New_Resources_AfterUG on [AfterUpgrade passed=0 failed=0 skipped=0]" time="716.797"/>
  <testcase classname="com.netcracker.upgradeCases.AfterUpgrade" name="Inflight_Modify_Existing_Pending_Order_AfterUG" time="0.0">
    <ignored/>
  </testcase> <!-- Inflight_Modify_Existing_Pending_Order_AfterUG -->
  <testcase classname="com.netcracker.upgradeCases.AfterUpgrade" name="Immediate_Scenarios_Add_Email_ExistingCust_AfterUG" time="0.0">
    <ignored/>
  </testcase> <!-- Immediate_Scenarios_Add_Email_ExistingCust_AfterUG -->
  <testcase classname="com.netcracker.upgradeCases.AfterUpgrade" name="AUP_Resume_TriplePlay_AfterUG" time="0.0">
    <ignored/>
  </testcase> <!-- AUP_Resume_TriplePlay_AfterUG -->
  <testcase classname="com.netcracker.upgradeCases.AfterUpgrade" name="Intra_Province_Gap_Change_LOB_During_Transfer_AfterUG" time="0.0">
    <ignored/>
  </testcase> <!-- Intra_Province_Gap_Change_LOB_During_Transfer_AfterUG -->
  <testcase classname="com.netcracker.upgradeCases.AfterUpgrade" name="Disconnect_Premisemove_TriplePlay_ServicesNotAvailable_targetLoc_AfterUG" time="0.0">
    <ignored/>
  </testcase> <!-- Disconnect_Premisemove_TriplePlay_ServicesNotAvailable_targetLoc_AfterUG -->
  <testcase classname="com.netcracker.upgradeCases.AfterUpgrade" name="TechRetry_Same_SN_PremiseMove_Gap_BlueSKY_XB6_AfterUG" time="0.0">
    <ignored/>
  </testcase> <!-- TechRetry_Same_SN_PremiseMove_Gap_BlueSKY_XB6_AfterUG -->
  <testcase classname="com.netcracker.upgradeCases.AfterUpgrade" name="Collection_Resume_VOD_PPV_AfterUG" time="0.0">
    <ignored/>
  </testcase> <!-- Collection_Resume_VOD_PPV_AfterUG -->
  <testcase classname="com.netcracker.upgradeCases.AfterUpgrade" name="Inflight_Removing_PhoneDevice_DPT_Hitron_TV_PremiseMove_CGY_CGY_AfterUG" time="0.0">
    <ignored/>
  </testcase> <!-- Inflight_Removing_PhoneDevice_DPT_Hitron_TV_PremiseMove_CGY_CGY_AfterUG -->
  <testcase classname="com.netcracker.upgradeCases.AfterUpgrade" name="Modification_TCIS_Suspend_TriplePlay_Cancel_Order_AfterUG" time="0.0">
    <ignored/>
  </testcase> <!-- Modification_TCIS_Suspend_TriplePlay_Cancel_Order_AfterUG -->
  <testcase classname="com.netcracker.upgradeCases.AfterUpgrade" name="Activate_PhDPT_PortedTN_LifelineAlarm_No_AfterUG" time="0.0">
    <ignored/>
  </testcase> <!-- Activate_PhDPT_PortedTN_LifelineAlarm_No_AfterUG -->
  <testcase classname="com.netcracker.upgradeCases.AfterUpgrade" name="Immediate_Tab_Change_BillDay_Existing_Customer_AfterUG" time="0.0">
    <ignored/>
  </testcase> <!-- Immediate_Tab_Change_BillDay_Existing_Customer_AfterUG -->
  <testcase classname="com.netcracker.upgradeCases.AfterUpgrade" name="Adding_Channels_Promos_Pending_Order_AfterUG" time="0.0">
    <ignored/>
  </testcase> <!-- Adding_Channels_Promos_Pending_Order_AfterUG -->
  <testcase classname="com.netcracker.upgradeCases.AfterUpgrade" name="Inflight_Modify_New_Pending_Install_Account_AfterUG" time="0.0">
    <ignored/>
  </testcase> <!-- Inflight_Modify_New_Pending_Install_Account_AfterUG -->
  <testcase classname="com.netcracker.upgradeCases.AfterUpgrade" name="Cancel_ReSbmit_order_XB6Conv_AfterUG" time="0.0">
    <ignored/>
  </testcase> <!-- Cancel_ReSbmit_order_XB6Conv_AfterUG -->
  <testcase classname="com.netcracker.upgradeCases.AfterUpgrade" name="Activation_Pending_Tripleplay_AfterUG" time="0.0">
    <ignored/>
  </testcase> <!-- Activation_Pending_Tripleplay_AfterUG -->
  <testcase classname="com.netcracker.upgradeCases.AfterUpgrade" name="Residential_To_Staff_XB6_BlueSky_AfterUG" time="0.0">
    <ignored/>
  </testcase> <!-- Residential_To_Staff_XB6_BlueSky_AfterUG -->
  <testcase classname="com.netcracker.upgradeCases.AfterUpgrade" name="Reset_Email_PWD_Customer_Modify_Order_AfterUG" time="0.0">
    <ignored/>
  </testcase> <!-- Reset_Email_PWD_Customer_Modify_Order_AfterUG -->
  <testcase classname="com.netcracker.upgradeCases.AfterUpgrade" name="Upgrade_Offering_Tripleplay_Account_AfterUG" time="0.0">
    <ignored/>
  </testcase> <!-- Upgrade_Offering_Tripleplay_Account_AfterUG -->
  <testcase classname="com.netcracker.upgradeCases.AfterUpgrade" name="Inflight_Cancel_AfterUG" time="0.0">
    <ignored/>
  </testcase> <!-- Inflight_Cancel_AfterUG -->
  <testcase classname="com.netcracker.upgradeCases.AfterUpgrade" name="Disconnect_Staff_Internet_AfterUG" time="0.0">
    <ignored/>
  </testcase> <!-- Disconnect_Staff_Internet_AfterUG -->
  <testcase classname="com.netcracker.upgradeCases.AfterUpgrade" name="Retail_Self_Install_Order_AfterUG" time="0.0">
    <ignored/>
  </testcase> <!-- Retail_Self_Install_Order_AfterUG -->
  <testcase classname="com.netcracker.upgradeCases.AfterUpgrade" name="Tripleplay_DPTCisco_legacyTV_Swap_OrderEntry_AfterUG" time="0.0">
    <ignored/>
  </testcase> <!-- Tripleplay_DPTCisco_legacyTV_Swap_OrderEntry_AfterUG -->
  <testcase classname="com.netcracker.upgradeCases.AfterUpgrade" name="Collection_Suspend_Existing_Customer_AfterUG" time="0.0">
    <ignored/>
  </testcase> <!-- Collection_Suspend_Existing_Customer_AfterUG -->
  <testcase classname="com.netcracker.upgradeCases.AfterUpgrade" name="Reinstate_with_Past_Resources_AfterUG" time="0.0">
    <ignored/>
  </testcase> <!-- Reinstate_with_Past_Resources_AfterUG -->
  <testcase classname="com.netcracker.upgradeCases.AfterUpgrade" name="Inflight_Removing_BlueSkyTV_XB6_Future_Dated_InterProvince_AfterUG" time="0.0">
    <ignored/>
  </testcase> <!-- Inflight_Removing_BlueSkyTV_XB6_Future_Dated_InterProvince_AfterUG -->
  <testcase classname="com.netcracker.upgradeCases.AfterUpgrade" name="Adding_VoiceMail_Secondaryline_Existing_Account_AfterUG" time="0.0">
    <ignored/>
  </testcase> <!-- Adding_VoiceMail_Secondaryline_Existing_Account_AfterUG -->
  <testcase classname="com.netcracker.upgradeCases.AfterUpgrade" name="Staff_To_Residential_XB6_BlueSky_AfterUG" time="0.0">
    <ignored/>
  </testcase> <!-- Staff_To_Residential_XB6_BlueSky_AfterUG -->
  <testcase classname="com.netcracker.upgradeCases.AfterUpgrade" name="TN_change_Ported_To_Native_DPT_AfterUG" time="0.0">
    <ignored/>
  </testcase> <!-- TN_change_Ported_To_Native_DPT_AfterUG -->
  <testcase classname="com.netcracker.upgradeCases.AfterUpgrade" name="Inflight_Cancel_Pending_Account_AfterUG" time="0.0">
    <ignored/>
  </testcase> <!-- Inflight_Cancel_Pending_Account_AfterUG -->
  <testcase classname="com.netcracker.upgradeCases.AfterUpgrade" name="Immediate_Tab_Modify_PhFeacture_ConvHw_AfterUG" time="0.0">
    <ignored/>
  </testcase> <!-- Immediate_Tab_Modify_PhFeacture_ConvHw_AfterUG -->
  <testcase classname="com.netcracker.upgradeCases.AfterUpgrade" name="IFC_Full_Disconnect_AfterUG" time="0.0">
    <ignored/>
  </testcase> <!-- IFC_Full_Disconnect_AfterUG -->
  <testcase classname="com.netcracker.upgradeCases.AfterUpgrade" name="Immediate_Scenarios_Hardware_Swap_PendingCust_AfterUG" time="0.0">
    <ignored/>
  </testcase> <!-- Immediate_Scenarios_Hardware_Swap_PendingCust_AfterUG -->
  <testcase classname="com.netcracker.upgradeCases.AfterUpgrade" name="Techretry_Different_SlNbr_TV_Phone_Internet_AfterUG" time="0.0">
    <ignored/>
  </testcase> <!-- Techretry_Different_SlNbr_TV_Phone_Internet_AfterUG -->
  <testcase classname="com.netcracker.upgradeCases.AfterUpgrade" name="Removing_Eexisting_Email_Add_NewEmail_TriplePlay_AfterUG" time="0.0">
    <ignored/>
  </testcase> <!-- Removing_Eexisting_Email_Add_NewEmail_TriplePlay_AfterUG -->
  <testcase classname="com.netcracker.upgradeCases.AfterUpgrade" name="Hitron_XB6_PLfrom_Native_Native_AfterUG" time="0.0">
    <ignored/>
  </testcase> <!-- Hitron_XB6_PLfrom_Native_Native_AfterUG -->
  <testcase classname="com.netcracker.upgradeCases.AfterUpgrade" name="TechRetry_InternetFail_Phone_Success_SameSlNo_AfterUG" time="0.0">
    <ignored/>
  </testcase> <!-- TechRetry_InternetFail_Phone_Success_SameSlNo_AfterUG -->
  <testcase classname="com.netcracker.upgradeCases.AfterUpgrade" name="Activate_2YVPInt_TvAgreement_AfterUG" time="0.0">
    <ignored/>
  </testcase> <!-- Activate_2YVPInt_TvAgreement_AfterUG -->
  <testcase classname="com.netcracker.upgradeCases.AfterUpgrade" name="AUP_Suspend_existing_customer_AfterUG" time="0.0">
    <ignored/>
  </testcase> <!-- AUP_Suspend_existing_customer_AfterUG -->
  <testcase classname="com.netcracker.upgradeCases.AfterUpgrade" name="Inflight_Modify_Change_OfferingTo_RetailPickUp_AfterUG" time="0.0">
    <ignored/>
  </testcase> <!-- Inflight_Modify_Change_OfferingTo_RetailPickUp_AfterUG -->
  <testcase classname="com.netcracker.upgradeCases.AfterUpgrade" name="TCIS_Resume_TriplePlay_Account_AfterUG" time="0.0">
    <ignored/>
  </testcase> <!-- TCIS_Resume_TriplePlay_Account_AfterUG -->
</testsuite> <!-- Regression_Test -->
