<?xml version="1.0" encoding="UTF-8"?>
<!-- Generated by org.testng.reporters.JUnitReportReporter -->
<testsuite hostname="WS-20113" failures="0" tests="41" name="com.netcracker.upgradeCases.AfterUpgrade" time="719.563" errors="0" timestamp="2022-12-26T13:28:46 IST" skipped="40">
  <testcase classname="com.netcracker.upgradeCases.AfterUpgrade" name="Reinstate_with_New_Resources_AfterUG" time="719.563"/>
  <system-out/>
  <testcase classname="com.netcracker.upgradeCases.AfterUpgrade" name="Inflight_Modify_Existing_Pending_Order_AfterUG">
    <skipped/>
  </testcase> <!-- Inflight_Modify_Existing_Pending_Order_AfterUG -->
  <system-out/>
  <testcase classname="com.netcracker.upgradeCases.AfterUpgrade" name="Immediate_Scenarios_Add_Email_ExistingCust_AfterUG">
    <skipped/>
  </testcase> <!-- Immediate_Scenarios_Add_Email_ExistingCust_AfterUG -->
  <system-out/>
  <testcase classname="com.netcracker.upgradeCases.AfterUpgrade" name="AUP_Resume_TriplePlay_AfterUG">
    <skipped/>
  </testcase> <!-- AUP_Resume_TriplePlay_AfterUG -->
  <system-out/>
  <testcase classname="com.netcracker.upgradeCases.AfterUpgrade" name="Intra_Province_Gap_Change_LOB_During_Transfer_AfterUG">
    <skipped/>
  </testcase> <!-- Intra_Province_Gap_Change_LOB_During_Transfer_AfterUG -->
  <system-out/>
  <testcase classname="com.netcracker.upgradeCases.AfterUpgrade" name="Disconnect_Premisemove_TriplePlay_ServicesNotAvailable_targetLoc_AfterUG">
    <skipped/>
  </testcase> <!-- Disconnect_Premisemove_TriplePlay_ServicesNotAvailable_targetLoc_AfterUG -->
  <system-out/>
  <testcase classname="com.netcracker.upgradeCases.AfterUpgrade" name="TechRetry_Same_SN_PremiseMove_Gap_BlueSKY_XB6_AfterUG">
    <skipped/>
  </testcase> <!-- TechRetry_Same_SN_PremiseMove_Gap_BlueSKY_XB6_AfterUG -->
  <system-out/>
  <testcase classname="com.netcracker.upgradeCases.AfterUpgrade" name="Collection_Resume_VOD_PPV_AfterUG">
    <skipped/>
  </testcase> <!-- Collection_Resume_VOD_PPV_AfterUG -->
  <system-out/>
  <testcase classname="com.netcracker.upgradeCases.AfterUpgrade" name="Inflight_Removing_PhoneDevice_DPT_Hitron_TV_PremiseMove_CGY_CGY_AfterUG">
    <skipped/>
  </testcase> <!-- Inflight_Removing_PhoneDevice_DPT_Hitron_TV_PremiseMove_CGY_CGY_AfterUG -->
  <system-out/>
  <testcase classname="com.netcracker.upgradeCases.AfterUpgrade" name="Modification_TCIS_Suspend_TriplePlay_Cancel_Order_AfterUG">
    <skipped/>
  </testcase> <!-- Modification_TCIS_Suspend_TriplePlay_Cancel_Order_AfterUG -->
  <system-out/>
  <testcase classname="com.netcracker.upgradeCases.AfterUpgrade" name="Activate_PhDPT_PortedTN_LifelineAlarm_No_AfterUG">
    <skipped/>
  </testcase> <!-- Activate_PhDPT_PortedTN_LifelineAlarm_No_AfterUG -->
  <system-out/>
  <testcase classname="com.netcracker.upgradeCases.AfterUpgrade" name="Immediate_Tab_Change_BillDay_Existing_Customer_AfterUG">
    <skipped/>
  </testcase> <!-- Immediate_Tab_Change_BillDay_Existing_Customer_AfterUG -->
  <system-out/>
  <testcase classname="com.netcracker.upgradeCases.AfterUpgrade" name="Adding_Channels_Promos_Pending_Order_AfterUG">
    <skipped/>
  </testcase> <!-- Adding_Channels_Promos_Pending_Order_AfterUG -->
  <system-out/>
  <testcase classname="com.netcracker.upgradeCases.AfterUpgrade" name="Inflight_Modify_New_Pending_Install_Account_AfterUG">
    <skipped/>
  </testcase> <!-- Inflight_Modify_New_Pending_Install_Account_AfterUG -->
  <system-out/>
  <testcase classname="com.netcracker.upgradeCases.AfterUpgrade" name="Cancel_ReSbmit_order_XB6Conv_AfterUG">
    <skipped/>
  </testcase> <!-- Cancel_ReSbmit_order_XB6Conv_AfterUG -->
  <system-out/>
  <testcase classname="com.netcracker.upgradeCases.AfterUpgrade" name="Activation_Pending_Tripleplay_AfterUG">
    <skipped/>
  </testcase> <!-- Activation_Pending_Tripleplay_AfterUG -->
  <system-out/>
  <testcase classname="com.netcracker.upgradeCases.AfterUpgrade" name="Residential_To_Staff_XB6_BlueSky_AfterUG">
    <skipped/>
  </testcase> <!-- Residential_To_Staff_XB6_BlueSky_AfterUG -->
  <system-out/>
  <testcase classname="com.netcracker.upgradeCases.AfterUpgrade" name="Reset_Email_PWD_Customer_Modify_Order_AfterUG">
    <skipped/>
  </testcase> <!-- Reset_Email_PWD_Customer_Modify_Order_AfterUG -->
  <system-out/>
  <testcase classname="com.netcracker.upgradeCases.AfterUpgrade" name="Upgrade_Offering_Tripleplay_Account_AfterUG">
    <skipped/>
  </testcase> <!-- Upgrade_Offering_Tripleplay_Account_AfterUG -->
  <system-out/>
  <testcase classname="com.netcracker.upgradeCases.AfterUpgrade" name="Inflight_Cancel_AfterUG">
    <skipped/>
  </testcase> <!-- Inflight_Cancel_AfterUG -->
  <system-out/>
  <testcase classname="com.netcracker.upgradeCases.AfterUpgrade" name="Disconnect_Staff_Internet_AfterUG">
    <skipped/>
  </testcase> <!-- Disconnect_Staff_Internet_AfterUG -->
  <system-out/>
  <testcase classname="com.netcracker.upgradeCases.AfterUpgrade" name="Retail_Self_Install_Order_AfterUG">
    <skipped/>
  </testcase> <!-- Retail_Self_Install_Order_AfterUG -->
  <system-out/>
  <testcase classname="com.netcracker.upgradeCases.AfterUpgrade" name="Tripleplay_DPTCisco_legacyTV_Swap_OrderEntry_AfterUG">
    <skipped/>
  </testcase> <!-- Tripleplay_DPTCisco_legacyTV_Swap_OrderEntry_AfterUG -->
  <system-out/>
  <testcase classname="com.netcracker.upgradeCases.AfterUpgrade" name="Collection_Suspend_Existing_Customer_AfterUG">
    <skipped/>
  </testcase> <!-- Collection_Suspend_Existing_Customer_AfterUG -->
  <system-out/>
  <testcase classname="com.netcracker.upgradeCases.AfterUpgrade" name="Reinstate_with_Past_Resources_AfterUG">
    <skipped/>
  </testcase> <!-- Reinstate_with_Past_Resources_AfterUG -->
  <system-out/>
  <testcase classname="com.netcracker.upgradeCases.AfterUpgrade" name="Inflight_Removing_BlueSkyTV_XB6_Future_Dated_InterProvince_AfterUG">
    <skipped/>
  </testcase> <!-- Inflight_Removing_BlueSkyTV_XB6_Future_Dated_InterProvince_AfterUG -->
  <system-out/>
  <testcase classname="com.netcracker.upgradeCases.AfterUpgrade" name="Adding_VoiceMail_Secondaryline_Existing_Account_AfterUG">
    <skipped/>
  </testcase> <!-- Adding_VoiceMail_Secondaryline_Existing_Account_AfterUG -->
  <system-out/>
  <testcase classname="com.netcracker.upgradeCases.AfterUpgrade" name="Staff_To_Residential_XB6_BlueSky_AfterUG">
    <skipped/>
  </testcase> <!-- Staff_To_Residential_XB6_BlueSky_AfterUG -->
  <system-out/>
  <testcase classname="com.netcracker.upgradeCases.AfterUpgrade" name="TN_change_Ported_To_Native_DPT_AfterUG">
    <skipped/>
  </testcase> <!-- TN_change_Ported_To_Native_DPT_AfterUG -->
  <system-out/>
  <testcase classname="com.netcracker.upgradeCases.AfterUpgrade" name="Inflight_Cancel_Pending_Account_AfterUG">
    <skipped/>
  </testcase> <!-- Inflight_Cancel_Pending_Account_AfterUG -->
  <system-out/>
  <testcase classname="com.netcracker.upgradeCases.AfterUpgrade" name="Immediate_Tab_Modify_PhFeacture_ConvHw_AfterUG">
    <skipped/>
  </testcase> <!-- Immediate_Tab_Modify_PhFeacture_ConvHw_AfterUG -->
  <system-out/>
  <testcase classname="com.netcracker.upgradeCases.AfterUpgrade" name="IFC_Full_Disconnect_AfterUG">
    <skipped/>
  </testcase> <!-- IFC_Full_Disconnect_AfterUG -->
  <system-out/>
  <testcase classname="com.netcracker.upgradeCases.AfterUpgrade" name="Immediate_Scenarios_Hardware_Swap_PendingCust_AfterUG">
    <skipped/>
  </testcase> <!-- Immediate_Scenarios_Hardware_Swap_PendingCust_AfterUG -->
  <system-out/>
  <testcase classname="com.netcracker.upgradeCases.AfterUpgrade" name="Techretry_Different_SlNbr_TV_Phone_Internet_AfterUG">
    <skipped/>
  </testcase> <!-- Techretry_Different_SlNbr_TV_Phone_Internet_AfterUG -->
  <system-out/>
  <testcase classname="com.netcracker.upgradeCases.AfterUpgrade" name="Removing_Eexisting_Email_Add_NewEmail_TriplePlay_AfterUG">
    <skipped/>
  </testcase> <!-- Removing_Eexisting_Email_Add_NewEmail_TriplePlay_AfterUG -->
  <system-out/>
  <testcase classname="com.netcracker.upgradeCases.AfterUpgrade" name="Hitron_XB6_PLfrom_Native_Native_AfterUG">
    <skipped/>
  </testcase> <!-- Hitron_XB6_PLfrom_Native_Native_AfterUG -->
  <system-out/>
  <testcase classname="com.netcracker.upgradeCases.AfterUpgrade" name="TechRetry_InternetFail_Phone_Success_SameSlNo_AfterUG">
    <skipped/>
  </testcase> <!-- TechRetry_InternetFail_Phone_Success_SameSlNo_AfterUG -->
  <system-out/>
  <testcase classname="com.netcracker.upgradeCases.AfterUpgrade" name="Activate_2YVPInt_TvAgreement_AfterUG">
    <skipped/>
  </testcase> <!-- Activate_2YVPInt_TvAgreement_AfterUG -->
  <system-out/>
  <testcase classname="com.netcracker.upgradeCases.AfterUpgrade" name="AUP_Suspend_existing_customer_AfterUG">
    <skipped/>
  </testcase> <!-- AUP_Suspend_existing_customer_AfterUG -->
  <system-out/>
  <testcase classname="com.netcracker.upgradeCases.AfterUpgrade" name="Inflight_Modify_Change_OfferingTo_RetailPickUp_AfterUG">
    <skipped/>
  </testcase> <!-- Inflight_Modify_Change_OfferingTo_RetailPickUp_AfterUG -->
  <system-out/>
  <testcase classname="com.netcracker.upgradeCases.AfterUpgrade" name="TCIS_Resume_TriplePlay_Account_AfterUG">
    <skipped/>
  </testcase> <!-- TCIS_Resume_TriplePlay_Account_AfterUG -->
  <system-out/>
</testsuite> <!-- com.netcracker.upgradeCases.AfterUpgrade -->
